d:\juliena\learning is knowing\c++ project mud\clonemaster\clonemaster\x64\debug\vc143.pdb
d:\juliena\learning is knowing\c++ project mud\clonemaster\clonemaster\x64\debug\vc143.idb
d:\juliena\learning is knowing\c++ project mud\clonemaster\clonemaster\x64\debug\utils.obj
d:\juliena\learning is knowing\c++ project mud\clonemaster\clonemaster\x64\debug\game.obj
d:\juliena\learning is knowing\c++ project mud\clonemaster\clonemaster\x64\debug\main.obj
d:\juliena\learning is knowing\c++ project mud\clonemaster\clonemaster\x64\debug\input.obj
d:\juliena\learning is knowing\c++ project mud\clonemaster\clonemaster\x64\debug\room.obj
d:\juliena\learning is knowing\c++ project mud\clonemaster\clonemaster\x64\debug\main.obj.enc
d:\juliena\learning is knowing\c++ project mud\clonemaster\x64\debug\clonemaster.pdb
d:\juliena\learning is knowing\c++ project mud\clonemaster\clonemaster\x64\debug\clonemaster.tlog\cl.command.1.tlog
d:\juliena\learning is knowing\c++ project mud\clonemaster\clonemaster\x64\debug\clonemaster.tlog\cl.items.tlog
d:\juliena\learning is knowing\c++ project mud\clonemaster\clonemaster\x64\debug\clonemaster.tlog\cl.read.1.tlog
d:\juliena\learning is knowing\c++ project mud\clonemaster\clonemaster\x64\debug\clonemaster.tlog\cl.write.1.tlog
d:\juliena\learning is knowing\c++ project mud\clonemaster\clonemaster\x64\debug\clonemaster.tlog\link-cvtres.read.1.tlog
d:\juliena\learning is knowing\c++ project mud\clonemaster\clonemaster\x64\debug\clonemaster.tlog\link-cvtres.write.1.tlog
d:\juliena\learning is knowing\c++ project mud\clonemaster\clonemaster\x64\debug\clonemaster.tlog\link-rc.read.1.tlog
d:\juliena\learning is knowing\c++ project mud\clonemaster\clonemaster\x64\debug\clonemaster.tlog\link-rc.write.1.tlog
d:\juliena\learning is knowing\c++ project mud\clonemaster\clonemaster\x64\debug\clonemaster.tlog\link.21924-cvtres.read.1.tlog
d:\juliena\learning is knowing\c++ project mud\clonemaster\clonemaster\x64\debug\clonemaster.tlog\link.21924-cvtres.write.1.tlog
d:\juliena\learning is knowing\c++ project mud\clonemaster\clonemaster\x64\debug\clonemaster.tlog\link.21924-rc.read.1.tlog
d:\juliena\learning is knowing\c++ project mud\clonemaster\clonemaster\x64\debug\clonemaster.tlog\link.21924-rc.write.1.tlog
d:\juliena\learning is knowing\c++ project mud\clonemaster\clonemaster\x64\debug\clonemaster.tlog\link.21924.read.1.tlog
d:\juliena\learning is knowing\c++ project mud\clonemaster\clonemaster\x64\debug\clonemaster.tlog\link.21924.read.2.tlog
d:\juliena\learning is knowing\c++ project mud\clonemaster\clonemaster\x64\debug\clonemaster.tlog\link.21924.write.1.tlog
d:\juliena\learning is knowing\c++ project mud\clonemaster\clonemaster\x64\debug\clonemaster.tlog\link.command.1.tlog
d:\juliena\learning is knowing\c++ project mud\clonemaster\clonemaster\x64\debug\clonemaster.tlog\link.read.1.tlog
d:\juliena\learning is knowing\c++ project mud\clonemaster\clonemaster\x64\debug\clonemaster.tlog\link.read.2.tlog
d:\juliena\learning is knowing\c++ project mud\clonemaster\clonemaster\x64\debug\clonemaster.tlog\link.write.1.tlog
